mode: set
github.com/caiostarke/go-expert-apo/internal/infra/database/product_db.go:12.39,14.2 1 1
github.com/caiostarke/go-expert-apo/internal/infra/database/product_db.go:16.57,18.2 1 1
github.com/caiostarke/go-expert-apo/internal/infra/database/product_db.go:20.64,23.16 3 1
github.com/caiostarke/go-expert-apo/internal/infra/database/product_db.go:27.2,27.21 1 1
github.com/caiostarke/go-expert-apo/internal/infra/database/product_db.go:23.16,25.3 1 1
github.com/caiostarke/go-expert-apo/internal/infra/database/product_db.go:30.57,32.16 2 1
github.com/caiostarke/go-expert-apo/internal/infra/database/product_db.go:36.2,36.33 1 1
github.com/caiostarke/go-expert-apo/internal/infra/database/product_db.go:32.16,34.3 1 0
github.com/caiostarke/go-expert-apo/internal/infra/database/product_db.go:39.43,41.16 2 1
github.com/caiostarke/go-expert-apo/internal/infra/database/product_db.go:45.2,45.35 1 1
github.com/caiostarke/go-expert-apo/internal/infra/database/product_db.go:41.16,43.3 1 0
github.com/caiostarke/go-expert-apo/internal/infra/database/product_db.go:48.83,51.51 3 1
github.com/caiostarke/go-expert-apo/internal/infra/database/product_db.go:55.2,55.29 1 1
github.com/caiostarke/go-expert-apo/internal/infra/database/product_db.go:61.2,61.22 1 1
github.com/caiostarke/go-expert-apo/internal/infra/database/product_db.go:51.51,53.3 1 0
github.com/caiostarke/go-expert-apo/internal/infra/database/product_db.go:55.29,57.3 1 1
github.com/caiostarke/go-expert-apo/internal/infra/database/product_db.go:57.8,59.3 1 0
github.com/caiostarke/go-expert-apo/internal/infra/database/user_db.go:12.33,14.2 1 1
github.com/caiostarke/go-expert-apo/internal/infra/database/user_db.go:16.48,18.2 1 1
github.com/caiostarke/go-expert-apo/internal/infra/database/user_db.go:20.64,22.73 2 1
github.com/caiostarke/go-expert-apo/internal/infra/database/user_db.go:25.2,25.19 1 1
github.com/caiostarke/go-expert-apo/internal/infra/database/user_db.go:22.73,24.3 1 0
